<?xml version="1.0" encoding="UTF-8"?>
<!-- Generated by org.testng.reporters.JUnitReportReporter -->
<testsuite hostname="DESKTOP-TEO86HI" failures="0" tests="1" name="com.narcissus21a.HomePagetTest" time="60.092" errors="0" timestamp="2023-07-21T13:16:53 IST" skipped="0">
  <testcase classname="com.narcissus21a.HomePagetTest" name="verifyOnCliclkOnJoinMeetingUserRedirectToMeetingPage" time="60.092"/>
  <system-out/>
</testsuite> <!-- com.narcissus21a.HomePagetTest -->
