<?xml version="1.0" encoding="UTF-8"?>
<!-- Generated by org.testng.reporters.JUnitReportReporter -->
<testsuite hostname="DESKTOP-TEO86HI" failures="0" tests="1" name="com.narcissus21a.SignUpTests" time="18.945" errors="0" timestamp="2023-07-11T20:53:41 IST" skipped="0">
  <testcase classname="com.narcissus21a.SignUpTests" name="verifyPhomeNumberInPlaceOfFullname" time="18.945"/>
  <system-out/>
</testsuite> <!-- com.narcissus21a.SignUpTests -->
