<?xml version="1.0" encoding="UTF-8"?>
<!-- Generated by org.testng.reporters.JUnitReportReporter -->
<testsuite hostname="DESKTOP-TEO86HI" failures="0" tests="1" name="com.narcissus21a.HomePagetTest" time="50.745" errors="0" timestamp="2023-08-01T16:56:15 IST" skipped="0">
  <testcase classname="com.narcissus21a.HomePagetTest" name="verifyOnCliclkOnJoinMeetingUserRedirectToMeetingPage" time="50.745"/>
  <system-out/>
</testsuite> <!-- com.narcissus21a.HomePagetTest -->
